# JRE version: Java(TM) SE Runtime Environment (8.0_144-b01) (build 1.8.0_144-b01)
# Java VM: Java HotSpot(TM) 64-Bit Server VM (25.144-b01 mixed mode windows-amd64 compressed oops)
Heap:
 PSYoungGen      total 23552K, used 13980K [0x00000000d5980000, 0x00000000d7a00000, 0x0000000100000000)
  eden space 18944K, 55% used [0x00000000d5980000,0x00000000d63ade00,0x00000000d6c00000)
  from space 4608K, 77% used [0x00000000d6d80000,0x00000000d70f9508,0x00000000d7200000)
  to   space 7168K, 0% used [0x00000000d7300000,0x00000000d7300000,0x00000000d7a00000)
 ParOldGen       total 19456K, used 11280K [0x0000000080c00000, 0x0000000081f00000, 0x00000000d5980000)
  object space 19456K, 57% used [0x0000000080c00000,0x0000000081704168,0x0000000081f00000)
 Metaspace       used 8149K, capacity 8820K, committed 8960K, reserved 1056768K
  class space    used 922K, capacity 944K, committed 1024K, reserved 1048576K
GC Heap History (10 events):
Event: 0.782 GC heap before
{Heap before GC invocations=7 (full 0):
 PSYoungGen      total 12288K, used 12287K [0x00000000d5980000, 0x00000000d6980000, 0x0000000100000000)
  eden space 11264K, 100% used [0x00000000d5980000,0x00000000d6480000,0x00000000d6480000)
  from space 1024K, 99% used [0x00000000d6680000,0x00000000d677fea0,0x00000000d6780000)
  to   space 2048K, 0% used [0x00000000d6480000,0x00000000d6480000,0x00000000d6680000)
 ParOldGen       total 5632K, used 2287K [0x0000000080c00000, 0x0000000081180000, 0x00000000d5980000)
  object space 5632K, 40% used [0x0000000080c00000,0x0000000080e3bf50,0x0000000081180000)
 Metaspace       used 7505K, capacity 8276K, committed 8448K, reserved 1056768K
  class space    used 892K, capacity 912K, committed 1024K, reserved 1048576K
Event: 0.823 GC heap after
Heap after GC invocations=7 (full 0):
 PSYoungGen      total 13312K, used 2045K [0x00000000d5980000, 0x00000000d7680000, 0x0000000100000000)
  eden space 11264K, 0% used [0x00000000d5980000,0x00000000d5980000,0x00000000d6480000)
  from space 2048K, 99% used [0x00000000d6480000,0x00000000d667f748,0x00000000d6680000)
  to   space 3584K, 0% used [0x00000000d7300000,0x00000000d7300000,0x00000000d7680000)
 ParOldGen       total 5632K, used 4637K [0x0000000080c00000, 0x0000000081180000, 0x00000000d5980000)
  object space 5632K, 82% used [0x0000000080c00000,0x0000000081087748,0x0000000081180000)
 Metaspace       used 7505K, capacity 8276K, committed 8448K, reserved 1056768K
  class space    used 892K, capacity 912K, committed 1024K, reserved 1048576K
}
Event: 0.823 GC heap before
{Heap before GC invocations=8 (full 1):
 PSYoungGen      total 13312K, used 2045K [0x00000000d5980000, 0x00000000d7680000, 0x0000000100000000)
  eden space 11264K, 0% used [0x00000000d5980000,0x00000000d5980000,0x00000000d6480000)
  from space 2048K, 99% used [0x00000000d6480000,0x00000000d667f748,0x00000000d6680000)
  to   space 3584K, 0% used [0x00000000d7300000,0x00000000d7300000,0x00000000d7680000)
 ParOldGen       total 5632K, used 4637K [0x0000000080c00000, 0x0000000081180000, 0x00000000d5980000)
  object space 5632K, 82% used [0x0000000080c00000,0x0000000081087748,0x0000000081180000)
 Metaspace       used 7505K, capacity 8276K, committed 8448K, reserved 1056768K
  class space    used 892K, capacity 912K, committed 1024K, reserved 1048576K
Event: 0.976 GC heap after
Heap after GC invocations=8 (full 1):
 PSYoungGen      total 13312K, used 960K [0x00000000d5980000, 0x00000000d7680000, 0x0000000100000000)
  eden space 11264K, 0% used [0x00000000d5980000,0x00000000d5980000,0x00000000d6480000)
  from space 2048K, 46% used [0x00000000d6480000,0x00000000d6570260,0x00000000d6680000)
  to   space 3584K, 0% used [0x00000000d7300000,0x00000000d7300000,0x00000000d7680000)
 ParOldGen       total 10240K, used 5402K [0x0000000080c00000, 0x0000000081600000, 0x00000000d5980000)
  object space 10240K, 52% used [0x0000000080c00000,0x0000000081146ac8,0x0000000081600000)
 Metaspace       used 7505K, capacity 8276K, committed 8448K, reserved 1056768K
  class space    used 892K, capacity 912K, committed 1024K, reserved 1048576K
}
Event: 1.129 GC heap before
{Heap before GC invocations=9 (full 1):
 PSYoungGen      total 13312K, used 12162K [0x00000000d5980000, 0x00000000d7680000, 0x0000000100000000)
  eden space 11264K, 99% used [0x00000000d5980000,0x00000000d64706d0,0x00000000d6480000)
  from space 2048K, 46% used [0x00000000d6480000,0x00000000d6570260,0x00000000d6680000)
  to   space 3584K, 0% used [0x00000000d7300000,0x00000000d7300000,0x00000000d7680000)
 ParOldGen       total 10240K, used 5402K [0x0000000080c00000, 0x0000000081600000, 0x00000000d5980000)
  object space 10240K, 52% used [0x0000000080c00000,0x0000000081146ac8,0x0000000081600000)
 Metaspace       used 7603K, capacity 8372K, committed 8704K, reserved 1056768K
  class space    used 898K, capacity 944K, committed 1024K, reserved 1048576K
Event: 1.156 GC heap after
Heap after GC invocations=9 (full 1):
 PSYoungGen      total 18944K, used 3575K [0x00000000d5980000, 0x00000000d7680000, 0x0000000100000000)
  eden space 15360K, 0% used [0x00000000d5980000,0x00000000d5980000,0x00000000d6880000)
  from space 3584K, 99% used [0x00000000d7300000,0x00000000d767dcf8,0x00000000d7680000)
  to   space 4608K, 0% used [0x00000000d6d80000,0x00000000d6d80000,0x00000000d7200000)
 ParOldGen       total 10240K, used 6244K [0x0000000080c00000, 0x0000000081600000, 0x00000000d5980000)
  object space 10240K, 60% used [0x0000000080c00000,0x0000000081219368,0x0000000081600000)
 Metaspace       used 7603K, capacity 8372K, committed 8704K, reserved 1056768K
  class space    used 898K, capacity 944K, committed 1024K, reserved 1048576K
}
Event: 1.416 GC heap before
{Heap before GC invocations=10 (full 1):
 PSYoungGen      total 18944K, used 18935K [0x00000000d5980000, 0x00000000d7680000, 0x0000000100000000)
  eden space 15360K, 100% used [0x00000000d5980000,0x00000000d6880000,0x00000000d6880000)
  from space 3584K, 99% used [0x00000000d7300000,0x00000000d767dcf8,0x00000000d7680000)
  to   space 4608K, 0% used [0x00000000d6d80000,0x00000000d6d80000,0x00000000d7200000)
 ParOldGen       total 10240K, used 6244K [0x0000000080c00000, 0x0000000081600000, 0x00000000d5980000)
  object space 10240K, 60% used [0x0000000080c00000,0x0000000081219368,0x0000000081600000)
 Metaspace       used 7866K, capacity 8564K, committed 8704K, reserved 1056768K
  class space    used 917K, capacity 944K, committed 1024K, reserved 1048576K
Event: 1.447 GC heap after
Heap after GC invocations=10 (full 1):
 PSYoungGen      total 23552K, used 4599K [0x00000000d5980000, 0x00000000d7a00000, 0x0000000100000000)
  eden space 18944K, 0% used [0x00000000d5980000,0x00000000d5980000,0x00000000d6c00000)
  from space 4608K, 99% used [0x00000000d6d80000,0x00000000d71fdcb8,0x00000000d7200000)
  to   space 7168K, 0% used [0x00000000d7300000,0x00000000d7300000,0x00000000d7a00000)
 ParOldGen       total 11776K, used 10865K [0x0000000080c00000, 0x0000000081780000, 0x00000000d5980000)
  object space 11776K, 92% used [0x0000000080c00000,0x000000008169c6c0,0x0000000081780000)
 Metaspace       used 7866K, capacity 8564K, committed 8704K, reserved 1056768K
  class space    used 917K, capacity 944K, committed 1024K, reserved 1048576K
}
Event: 1.447 GC heap before
{Heap before GC invocations=11 (full 2):
 PSYoungGen      total 23552K, used 4599K [0x00000000d5980000, 0x00000000d7a00000, 0x0000000100000000)
  eden space 18944K, 0% used [0x00000000d5980000,0x00000000d5980000,0x00000000d6c00000)
  from space 4608K, 99% used [0x00000000d6d80000,0x00000000d71fdcb8,0x00000000d7200000)
  to   space 7168K, 0% used [0x00000000d7300000,0x00000000d7300000,0x00000000d7a00000)
 ParOldGen       total 11776K, used 10865K [0x0000000080c00000, 0x0000000081780000, 0x00000000d5980000)
  object space 11776K, 92% used [0x0000000080c00000,0x000000008169c6c0,0x0000000081780000)
 Metaspace       used 7866K, capacity 8564K, committed 8704K, reserved 1056768K
  class space    used 917K, capacity 944K, committed 1024K, reserved 1048576K
Event: 1.667 GC heap after
Heap after GC invocations=11 (full 2):
 PSYoungGen      total 23552K, used 3557K [0x00000000d5980000, 0x00000000d7a00000, 0x0000000100000000)
  eden space 18944K, 0% used [0x00000000d5980000,0x00000000d5980000,0x00000000d6c00000)
  from space 4608K, 77% used [0x00000000d6d80000,0x00000000d70f9508,0x00000000d7200000)
  to   space 7168K, 0% used [0x00000000d7300000,0x00000000d7300000,0x00000000d7a00000)
 ParOldGen       total 19456K, used 11280K [0x0000000080c00000, 0x0000000081f00000, 0x00000000d5980000)
  object space 19456K, 57% used [0x0000000080c00000,0x0000000081704168,0x0000000081f00000)
 Metaspace       used 7866K, capacity 8564K, committed 8704K, reserved 1056768K
  class space    used 917K, capacity 944K, committed 1024K, reserved 1048576K
}

