# JRE version: Java(TM) SE Runtime Environment (8.0_144-b01) (build 1.8.0_144-b01)
# Java VM: Java HotSpot(TM) 64-Bit Server VM (25.144-b01 mixed mode windows-amd64 compressed oops)
Heap:
 PSYoungGen      total 37888K, used 3731K [0x00000000d5980000, 0x00000000d8880000, 0x0000000100000000)
  eden space 32768K, 0% used [0x00000000d5980000,0x00000000d5980000,0x00000000d7980000)
  from space 5120K, 72% used [0x00000000d7a00000,0x00000000d7da4d10,0x00000000d7f00000)
  to   space 7680K, 0% used [0x00000000d8100000,0x00000000d8100000,0x00000000d8880000)
 ParOldGen       total 87552K, used 9146K [0x0000000080c00000, 0x0000000086180000, 0x00000000d5980000)
  object space 87552K, 10% used [0x0000000080c00000,0x00000000814ee888,0x0000000086180000)
 Metaspace       used 20552K, capacity 21258K, committed 21296K, reserved 1067008K
  class space    used 2706K, capacity 2909K, committed 2944K, reserved 1048576K
GC Heap History (10 events):
Event: 1.521 GC heap after
Heap after GC invocations=1 (full 0):
 PSYoungGen      total 38400K, used 5117K [0x00000000d5980000, 0x00000000d8400000, 0x0000000100000000)
  eden space 33280K, 0% used [0x00000000d5980000,0x00000000d5980000,0x00000000d7a00000)
  from space 5120K, 99% used [0x00000000d7a00000,0x00000000d7eff4c0,0x00000000d7f00000)
  to   space 5120K, 0% used [0x00000000d7f00000,0x00000000d7f00000,0x00000000d8400000)
 ParOldGen       total 87552K, used 614K [0x0000000080c00000, 0x0000000086180000, 0x00000000d5980000)
  object space 87552K, 0% used [0x0000000080c00000,0x0000000080c99af0,0x0000000086180000)
 Metaspace       used 15277K, capacity 15612K, committed 15744K, reserved 1062912K
  class space    used 2072K, capacity 2168K, committed 2176K, reserved 1048576K
}
Event: 24.256 GC heap before
{Heap before GC invocations=2 (full 0):
 PSYoungGen      total 38400K, used 38397K [0x00000000d5980000, 0x00000000d8400000, 0x0000000100000000)
  eden space 33280K, 100% used [0x00000000d5980000,0x00000000d7a00000,0x00000000d7a00000)
  from space 5120K, 99% used [0x00000000d7a00000,0x00000000d7eff4c0,0x00000000d7f00000)
  to   space 5120K, 0% used [0x00000000d7f00000,0x00000000d7f00000,0x00000000d8400000)
 ParOldGen       total 87552K, used 614K [0x0000000080c00000, 0x0000000086180000, 0x00000000d5980000)
  object space 87552K, 0% used [0x0000000080c00000,0x0000000080c99af0,0x0000000086180000)
 Metaspace       used 18790K, capacity 19252K, committed 19456K, reserved 1067008K
  class space    used 2557K, capacity 2696K, committed 2816K, reserved 1048576K
Event: 24.264 GC heap after
Heap after GC invocations=2 (full 0):
 PSYoungGen      total 38400K, used 5107K [0x00000000d5980000, 0x00000000d8400000, 0x0000000100000000)
  eden space 33280K, 0% used [0x00000000d5980000,0x00000000d5980000,0x00000000d7a00000)
  from space 5120K, 99% used [0x00000000d7f00000,0x00000000d83fcfa0,0x00000000d8400000)
  to   space 5120K, 0% used [0x00000000d7a00000,0x00000000d7a00000,0x00000000d7f00000)
 ParOldGen       total 87552K, used 2004K [0x0000000080c00000, 0x0000000086180000, 0x00000000d5980000)
  object space 87552K, 2% used [0x0000000080c00000,0x0000000080df50c8,0x0000000086180000)
 Metaspace       used 18790K, capacity 19252K, committed 19456K, reserved 1067008K
  class space    used 2557K, capacity 2696K, committed 2816K, reserved 1048576K
}
Event: 69.868 GC heap before
{Heap before GC invocations=3 (full 0):
 PSYoungGen      total 38400K, used 38387K [0x00000000d5980000, 0x00000000d8400000, 0x0000000100000000)
  eden space 33280K, 100% used [0x00000000d5980000,0x00000000d7a00000,0x00000000d7a00000)
  from space 5120K, 99% used [0x00000000d7f00000,0x00000000d83fcfa0,0x00000000d8400000)
  to   space 5120K, 0% used [0x00000000d7a00000,0x00000000d7a00000,0x00000000d7f00000)
 ParOldGen       total 87552K, used 2004K [0x0000000080c00000, 0x0000000086180000, 0x00000000d5980000)
  object space 87552K, 2% used [0x0000000080c00000,0x0000000080df50c8,0x0000000086180000)
 Metaspace       used 19758K, capacity 20280K, committed 20608K, reserved 1067008K
  class space    used 2651K, capacity 2820K, committed 2944K, reserved 1048576K
Event: 69.892 GC heap after
Heap after GC invocations=3 (full 0):
 PSYoungGen      total 38400K, used 5107K [0x00000000d5980000, 0x00000000d8400000, 0x0000000100000000)
  eden space 33280K, 0% used [0x00000000d5980000,0x00000000d5980000,0x00000000d7a00000)
  from space 5120K, 99% used [0x00000000d7a00000,0x00000000d7efcfc0,0x00000000d7f00000)
  to   space 5120K, 0% used [0x00000000d7f00000,0x00000000d7f00000,0x00000000d8400000)
 ParOldGen       total 87552K, used 2704K [0x0000000080c00000, 0x0000000086180000, 0x00000000d5980000)
  object space 87552K, 3% used [0x0000000080c00000,0x0000000080ea40d8,0x0000000086180000)
 Metaspace       used 19758K, capacity 20280K, committed 20608K, reserved 1067008K
  class space    used 2651K, capacity 2820K, committed 2944K, reserved 1048576K
}
Event: 110.878 GC heap before
{Heap before GC invocations=4 (full 0):
 PSYoungGen      total 38400K, used 38387K [0x00000000d5980000, 0x00000000d8400000, 0x0000000100000000)
  eden space 33280K, 100% used [0x00000000d5980000,0x00000000d7a00000,0x00000000d7a00000)
  from space 5120K, 99% used [0x00000000d7a00000,0x00000000d7efcfc0,0x00000000d7f00000)
  to   space 5120K, 0% used [0x00000000d7f00000,0x00000000d7f00000,0x00000000d8400000)
 ParOldGen       total 87552K, used 2704K [0x0000000080c00000, 0x0000000086180000, 0x00000000d5980000)
  object space 87552K, 3% used [0x0000000080c00000,0x0000000080ea40d8,0x0000000086180000)
 Metaspace       used 20294K, capacity 20954K, committed 21120K, reserved 1067008K
  class space    used 2684K, capacity 2879K, committed 2944K, reserved 1048576K
Event: 110.885 GC heap after
Heap after GC invocations=4 (full 0):
 PSYoungGen      total 38400K, used 3715K [0x00000000d5980000, 0x00000000d8400000, 0x0000000100000000)
  eden space 33280K, 0% used [0x00000000d5980000,0x00000000d5980000,0x00000000d7a00000)
  from space 5120K, 72% used [0x00000000d7f00000,0x00000000d82a0d20,0x00000000d8400000)
  to   space 5120K, 0% used [0x00000000d7a00000,0x00000000d7a00000,0x00000000d7f00000)
 ParOldGen       total 87552K, used 9146K [0x0000000080c00000, 0x0000000086180000, 0x00000000d5980000)
  object space 87552K, 10% used [0x0000000080c00000,0x00000000814ee888,0x0000000086180000)
 Metaspace       used 20294K, capacity 20954K, committed 21120K, reserved 1067008K
  class space    used 2684K, capacity 2879K, committed 2944K, reserved 1048576K
}
Event: 152.947 GC heap before
{Heap before GC invocations=5 (full 0):
 PSYoungGen      total 38400K, used 22410K [0x00000000d5980000, 0x00000000d8400000, 0x0000000100000000)
  eden space 33280K, 56% used [0x00000000d5980000,0x00000000d6bc1cb8,0x00000000d7a00000)
  from space 5120K, 72% used [0x00000000d7f00000,0x00000000d82a0d20,0x00000000d8400000)
  to   space 5120K, 0% used [0x00000000d7a00000,0x00000000d7a00000,0x00000000d7f00000)
 ParOldGen       total 87552K, used 9146K [0x0000000080c00000, 0x0000000086180000, 0x00000000d5980000)
  object space 87552K, 10% used [0x0000000080c00000,0x00000000814ee888,0x0000000086180000)
 Metaspace       used 20552K, capacity 21258K, committed 21296K, reserved 1067008K
  class space    used 2706K, capacity 2909K, committed 2944K, reserved 1048576K
Event: 152.957 GC heap after
Heap after GC invocations=5 (full 0):
 PSYoungGen      total 37888K, used 3731K [0x00000000d5980000, 0x00000000d8880000, 0x0000000100000000)
  eden space 32768K, 0% used [0x00000000d5980000,0x00000000d5980000,0x00000000d7980000)
  from space 5120K, 72% used [0x00000000d7a00000,0x00000000d7da4d10,0x00000000d7f00000)
  to   space 7680K, 0% used [0x00000000d8100000,0x00000000d8100000,0x00000000d8880000)
 ParOldGen       total 87552K, used 9146K [0x0000000080c00000, 0x0000000086180000, 0x00000000d5980000)
  object space 87552K, 10% used [0x0000000080c00000,0x00000000814ee888,0x0000000086180000)
 Metaspace       used 20552K, capacity 21258K, committed 21296K, reserved 1067008K
  class space    used 2706K, capacity 2909K, committed 2944K, reserved 1048576K
}
Event: 152.957 GC heap before
{Heap before GC invocations=6 (full 1):
 PSYoungGen      total 37888K, used 3731K [0x00000000d5980000, 0x00000000d8880000, 0x0000000100000000)
  eden space 32768K, 0% used [0x00000000d5980000,0x00000000d5980000,0x00000000d7980000)
  from space 5120K, 72% used [0x00000000d7a00000,0x00000000d7da4d10,0x00000000d7f00000)
  to   space 7680K, 0% used [0x00000000d8100000,0x00000000d8100000,0x00000000d8880000)
 ParOldGen       total 87552K, used 9146K [0x0000000080c00000, 0x0000000086180000, 0x00000000d5980000)
  object space 87552K, 10% used [0x0000000080c00000,0x00000000814ee888,0x0000000086180000)
 Metaspace       used 20552K, capacity 21258K, committed 21296K, reserved 1067008K
  class space    used 2706K, capacity 2909K, committed 2944K, reserved 1048576K

